<?xml version="1.0" encoding="UTF-8"?>
<!-- Generated by org.testng.reporters.JUnitXMLReporter -->
<testsuite ignored="9" hostname="Gabby" failures="1" tests="8" name="SmokeTest" time="0.108" errors="0" timestamp="2022-04-12T11:18:58 EDT">
  <testcase classname="Day10.groupTests" name="test1" time="0.008"/>
  <testcase classname="Day10.groupTests" name="test2" time="0.001"/>
  <testcase classname="Day10.groupTests" name="test3" time="0.002"/>
  <testcase classname="Day11.groupingTestingReview" name="AnotherTest" time="0.001"/>
  <testcase classname="Day11.groupingTestingReview" name="ThirdTest" time="0.005"/>
  <testcase classname="Day11.groupingTestingReview" name="firstTest" time="0.002"/>
  <testcase classname="Day10.dependsOnTest" name="OpenBrowser" time="0.003">
    <failure type="java.lang.AssertionError">
      <![CDATA[java.lang.AssertionError: 
at Day10.dependsOnTest.OpenBrowser(dependsOnTest.java:17)
at java.base/java.util.ArrayList.forEach(ArrayList.java:1541)
... Removed 30 stack frames]]>
    </failure>
  </testcase> <!-- OpenBrowser -->
  <testcase classname="Day10.dependsOnTest" name="SignIn" time="0.0">
    <skipped/>
  </testcase> <!-- SignIn -->
  <testcase classname="Day10.testingTestNGAnnotation" name="test1" time="0.0">
    <ignored/>
  </testcase> <!-- test1 -->
  <testcase classname="Day10.orderOfTest" name="test4" time="0.0">
    <ignored/>
  </testcase> <!-- test4 -->
  <testcase classname="Day10.testingTestNGAnnotation" name="test2" time="0.0">
    <ignored/>
  </testcase> <!-- test2 -->
  <testcase classname="Day10.orderOfTest" name="test5" time="0.0">
    <ignored/>
  </testcase> <!-- test5 -->
  <testcase classname="Day03.checkboxIntro" name="checkBox" time="0.0">
    <ignored/>
  </testcase> <!-- checkBox -->
  <testcase classname="Day10.orderOfTest" name="test2" time="0.0">
    <ignored/>
  </testcase> <!-- test2 -->
  <testcase classname="Day10.orderOfTest" name="test3" time="0.0">
    <ignored/>
  </testcase> <!-- test3 -->
  <testcase classname="Day10.orderOfTest" name="test1" time="0.0">
    <ignored/>
  </testcase> <!-- test1 -->
  <testcase classname="Day10.groupTests" name="test4" time="0.0">
    <ignored/>
  </testcase> <!-- test4 -->
</testsuite> <!-- SmokeTest -->
